Android/unityLibrary/hybidwrapper.androidlib/build/intermediates/manifest_merge_blame_file/debug/manifest-merger-blame-debug-report.txt
1<?xml version="1.0" encoding="utf-8"?>
2<manifest xmlns:android="http://schemas.android.com/apk/res/android"
3    package="net.pubnative.unityplugin"
4    android:versionCode="1"
5    android:versionName="1.0" >
6
7    <uses-sdk
8        android:minSdkVersion="19"
8-->src/main/AndroidManifest.xml
9        android:targetSdkVersion="30" />
9-->src/main/AndroidManifest.xml
10
11    <uses-permission android:name="android.permission.ACCESS_FINE_LOCATION" />
11-->src/main/AndroidManifest.xml:5:5-79
11-->src/main/AndroidManifest.xml:5:22-76
12
13    <application
13-->src/main/AndroidManifest.xml:7:5-9:47
14        android:networkSecurityConfig="@xml/network_security_config"
14-->src/main/AndroidManifest.xml:8:9-69
15        android:usesCleartextTraffic="true" />
15-->src/main/AndroidManifest.xml:9:9-44
16
17</manifest>